0 info it worked if it ends with ok
1 verbose cli [ 'C:\\Program Files (x86)\\Microsoft Visual Studio 14.0\\Common7\\IDE\\Extensions\\Microsoft\\Web Tools\\External\\\\node\\node',
1 verbose cli   'C:\\Program Files (x86)\\Microsoft Visual Studio 14.0\\Common7\\IDE\\Extensions\\Microsoft\\Web Tools\\External\\npm\\node_modules\\npm\\bin\\npm-cli.js',
1 verbose cli   'install',
1 verbose cli   '-g',
1 verbose cli   'jquery' ]
2 info using npm@1.4.9
3 info using node@v0.10.31
4 verbose node symlink C:\Program Files (x86)\Microsoft Visual Studio 14.0\Common7\IDE\Extensions\Microsoft\Web Tools\External\\node\node
5 verbose cache add [ 'jquery', null ]
6 verbose cache add name=undefined spec="jquery" args=["jquery",null]
7 verbose parsed url { protocol: null,
7 verbose parsed url   slashes: null,
7 verbose parsed url   auth: null,
7 verbose parsed url   host: null,
7 verbose parsed url   port: null,
7 verbose parsed url   hostname: null,
7 verbose parsed url   hash: null,
7 verbose parsed url   search: null,
7 verbose parsed url   query: null,
7 verbose parsed url   pathname: 'jquery',
7 verbose parsed url   path: 'jquery',
7 verbose parsed url   href: 'jquery' }
8 silly lockFile 6f2ab963-jquery jquery
9 verbose lock jquery C:\Users\nos\AppData\Roaming\npm-cache\6f2ab963-jquery.lock
10 silly lockFile 6f2ab963-jquery jquery
11 silly lockFile 6f2ab963-jquery jquery
12 verbose addNamed [ 'jquery', '' ]
13 verbose addNamed [ null, '*' ]
14 silly lockFile 039e748d-jquery jquery@
15 verbose lock jquery@ C:\Users\nos\AppData\Roaming\npm-cache\039e748d-jquery.lock
16 silly addNameRange { name: 'jquery', range: '*', hasData: false }
17 verbose url raw jquery
18 verbose url resolving [ 'https://registry.npmjs.org/', './jquery' ]
19 verbose url resolved https://registry.npmjs.org/jquery
20 info trying registry request attempt 1 at 12:26:17
21 http GET https://registry.npmjs.org/jquery
22 http 200 https://registry.npmjs.org/jquery
23 silly registry.get cb [ 200,
23 silly registry.get   { server: 'CouchDB/1.5.0 (Erlang OTP/R16B03)',
23 silly registry.get     etag: '"6C62G5PY3BAYOHA1PBLQMSAE5"',
23 silly registry.get     'content-type': 'application/json',
23 silly registry.get     'cache-control': 'max-age=300',
23 silly registry.get     'content-length': '68235',
23 silly registry.get     'accept-ranges': 'bytes',
23 silly registry.get     date: 'Mon, 18 Apr 2016 09:26:17 GMT',
23 silly registry.get     via: '1.1 varnish',
23 silly registry.get     age: '18',
23 silly registry.get     connection: 'keep-alive',
23 silly registry.get     'x-served-by': 'cache-jfk1044-JFK',
23 silly registry.get     'x-cache': 'HIT',
23 silly registry.get     'x-cache-hits': '1',
23 silly registry.get     'x-timer': 'S1460971577.903715,VS0,VE0',
23 silly registry.get     vary: 'Accept-Encoding' } ]
24 silly addNameRange number 2 { name: 'jquery', range: '*', hasData: true }
25 silly addNameRange versions [ 'jquery',
25 silly addNameRange   [ '1.5.1',
25 silly addNameRange     '1.6.2',
25 silly addNameRange     '1.6.3',
25 silly addNameRange     '1.7.2',
25 silly addNameRange     '1.7.3',
25 silly addNameRange     '1.8.2',
25 silly addNameRange     '1.8.3',
25 silly addNameRange     '2.1.0-beta2',
25 silly addNameRange     '2.1.0-beta3',
25 silly addNameRange     '1.11.0-beta3',
25 silly addNameRange     '1.11.0-rc1',
25 silly addNameRange     '2.1.0-rc1',
25 silly addNameRange     '1.11.0',
25 silly addNameRange     '2.1.0',
25 silly addNameRange     '2.1.1-beta1',
25 silly addNameRange     '1.11.1-beta1',
25 silly addNameRange     '2.1.1-rc1',
25 silly addNameRange     '1.11.1-rc1',
25 silly addNameRange     '2.1.1-rc2',
25 silly addNameRange     '1.11.1-rc2',
25 silly addNameRange     '2.1.1',
25 silly addNameRange     '1.11.1',
25 silly addNameRange     '1.9.1',
25 silly addNameRange     '2.1.2',
25 silly addNameRange     '1.11.2',
25 silly addNameRange     '2.1.3',
25 silly addNameRange     '2.1.4',
25 silly addNameRange     '1.11.3',
25 silly addNameRange     '3.0.0-alpha1',
25 silly addNameRange     '1.12.0',
25 silly addNameRange     '2.2.0',
25 silly addNameRange     '3.0.0-beta1',
25 silly addNameRange     '1.12.1',
25 silly addNameRange     '2.2.1',
25 silly addNameRange     '1.12.2',
25 silly addNameRange     '2.2.2',
25 silly addNameRange     '1.12.3',
25 silly addNameRange     '2.2.3' ] ]
26 verbose addNamed [ 'jquery', '2.2.3' ]
27 verbose addNamed [ '2.2.3', '2.2.3' ]
28 silly lockFile cf12fee6-jquery-2-2-3 jquery@2.2.3
29 verbose lock jquery@2.2.3 C:\Users\nos\AppData\Roaming\npm-cache\cf12fee6-jquery-2-2-3.lock
30 silly lockFile 6bcb2a5c-pmjs-org-jquery-jquery-2-2-3-tgz https://registry.npmjs.org/jquery/-/jquery-2.2.3.tgz
31 verbose lock https://registry.npmjs.org/jquery/-/jquery-2.2.3.tgz C:\Users\nos\AppData\Roaming\npm-cache\6bcb2a5c-pmjs-org-jquery-jquery-2-2-3-tgz.lock
32 verbose addRemoteTarball [ 'https://registry.npmjs.org/jquery/-/jquery-2.2.3.tgz',
32 verbose addRemoteTarball   '45e07e4190334de36c9e1a64b43b1f1373d91758' ]
33 info retry fetch attempt 1 at 12:26:18
34 verbose fetch to= C:\Users\nos\AppData\Local\Temp\npm-19072-prdNOWmf\1460971578500-0.6787055642344058\tmp.tgz
35 http GET https://registry.npmjs.org/jquery/-/jquery-2.2.3.tgz
36 http 200 https://registry.npmjs.org/jquery/-/jquery-2.2.3.tgz
37 verbose tar unpack C:\Users\nos\AppData\Local\Temp\npm-19072-prdNOWmf\1460971578500-0.6787055642344058\tmp.tgz
38 silly lockFile 5f439ac1-g-npm-cache-jquery-2-2-3-package tar://C:\Users\nos\AppData\Roaming\npm-cache\jquery\2.2.3\package
39 verbose lock tar://C:\Users\nos\AppData\Roaming\npm-cache\jquery\2.2.3\package C:\Users\nos\AppData\Roaming\npm-cache\5f439ac1-g-npm-cache-jquery-2-2-3-package.lock
40 silly lockFile 758a888a-78500-0-6787055642344058-tmp-tgz tar://C:\Users\nos\AppData\Local\Temp\npm-19072-prdNOWmf\1460971578500-0.6787055642344058\tmp.tgz
41 verbose lock tar://C:\Users\nos\AppData\Local\Temp\npm-19072-prdNOWmf\1460971578500-0.6787055642344058\tmp.tgz C:\Users\nos\AppData\Roaming\npm-cache\758a888a-78500-0-6787055642344058-tmp-tgz.lock
42 silly gunzTarPerm modes [ '755', '644' ]
43 silly gunzTarPerm extractEntry package.json
44 silly gunzTarPerm extractEntry README.md
45 silly gunzTarPerm extractEntry AUTHORS.txt
46 silly gunzTarPerm extractEntry LICENSE.txt
47 silly gunzTarPerm extractEntry bower.json
48 silly gunzTarPerm extractEntry dist/jquery.js
49 silly gunzTarPerm extractEntry dist/jquery.min.js
50 silly gunzTarPerm extractEntry dist/jquery.slim.js
51 silly gunzTarPerm extractEntry dist/jquery.slim.min.js
52 silly gunzTarPerm extractEntry dist/jquery.min.map
53 silly gunzTarPerm extractEntry dist/jquery.slim.min.map
54 silly gunzTarPerm extractEntry sizzle/LICENSE.txt
55 silly gunzTarPerm extractEntry sizzle/dist/sizzle.js
56 silly gunzTarPerm extractEntry sizzle/dist/sizzle.min.js
57 silly gunzTarPerm extractEntry sizzle/dist/sizzle.min.map
58 silly gunzTarPerm extractEntry src/wrap.js
59 silly gunzTarPerm extractEntry src/css.js
60 silly gunzTarPerm extractEntry src/selector.js
61 silly gunzTarPerm extractEntry src/data.js
62 silly gunzTarPerm extractEntry src/serialize.js
63 silly gunzTarPerm extractEntry src/deferred.js
64 silly gunzTarPerm extractEntry src/deprecated.js
65 silly gunzTarPerm extractEntry src/dimensions.js
66 silly gunzTarPerm extractEntry src/selector-native.js
67 silly gunzTarPerm extractEntry src/effects.js
68 silly gunzTarPerm extractEntry src/core.js
69 silly gunzTarPerm extractEntry src/queue.js
70 silly gunzTarPerm extractEntry src/support.js
71 silly gunzTarPerm extractEntry src/outro.js
72 silly gunzTarPerm extractEntry src/callbacks.js
73 silly gunzTarPerm extractEntry src/offset.js
74 silly gunzTarPerm extractEntry src/attributes.js
75 silly gunzTarPerm extractEntry src/intro.js
76 silly gunzTarPerm extractEntry src/traversing.js
77 silly gunzTarPerm extractEntry src/jquery.js
78 silly gunzTarPerm extractEntry src/ajax.js
79 silly gunzTarPerm extractEntry src/manipulation.js
80 silly gunzTarPerm extractEntry src/selector-sizzle.js
81 silly gunzTarPerm extractEntry src/event.js
82 silly gunzTarPerm extractEntry src/data/Data.js
83 silly gunzTarPerm extractEntry src/data/accepts.js
84 silly gunzTarPerm extractEntry src/data/support.js
85 silly gunzTarPerm extractEntry src/data/var/acceptData.js
86 silly gunzTarPerm extractEntry src/data/var/dataPriv.js
87 silly gunzTarPerm extractEntry src/data/var/dataUser.js
88 silly gunzTarPerm extractEntry src/manipulation/_evalUrl.js
89 silly gunzTarPerm extractEntry src/manipulation/buildFragment.js
90 silly gunzTarPerm extractEntry src/manipulation/createSafeFragment.js
91 silly gunzTarPerm extractEntry src/manipulation/getAll.js
92 silly gunzTarPerm extractEntry src/manipulation/setGlobalEval.js
93 silly gunzTarPerm extractEntry src/manipulation/support.js
94 silly gunzTarPerm extractEntry src/manipulation/wrapMap.js
95 silly gunzTarPerm extractEntry src/manipulation/var/nodeNames.js
96 silly gunzTarPerm extractEntry src/manipulation/var/rcheckableType.js
97 silly gunzTarPerm extractEntry src/manipulation/var/rleadingWhitespace.js
98 silly gunzTarPerm extractEntry src/manipulation/var/rscriptType.js
99 silly gunzTarPerm extractEntry src/manipulation/var/rtagName.js
100 silly gunzTarPerm extractEntry src/ajax/jsonp.js
101 silly gunzTarPerm extractEntry src/ajax/load.js
102 silly gunzTarPerm extractEntry src/ajax/parseJSON.js
103 silly gunzTarPerm extractEntry src/ajax/parseXML.js
104 silly gunzTarPerm extractEntry src/ajax/script.js
105 silly gunzTarPerm extractEntry src/ajax/xhr.js
106 silly gunzTarPerm extractEntry src/ajax/var/location.js
107 silly gunzTarPerm extractEntry src/ajax/var/nonce.js
108 silly gunzTarPerm extractEntry src/ajax/var/rquery.js
109 silly gunzTarPerm extractEntry src/queue/delay.js
110 silly gunzTarPerm extractEntry src/event/ajax.js
111 silly gunzTarPerm extractEntry src/event/alias.js
112 silly gunzTarPerm extractEntry src/event/focusin.js
113 silly gunzTarPerm extractEntry src/event/support.js
114 silly gunzTarPerm extractEntry src/event/trigger.js
115 silly gunzTarPerm extractEntry src/effects/Tween.js
116 silly gunzTarPerm extractEntry src/effects/animatedSelector.js
117 silly gunzTarPerm extractEntry src/effects/support.js
118 silly gunzTarPerm extractEntry src/deferred/exceptionHook.js
119 silly gunzTarPerm extractEntry src/exports/amd.js
120 silly gunzTarPerm extractEntry src/exports/global.js
121 silly gunzTarPerm extractEntry src/css/addGetHookIf.js
122 silly gunzTarPerm extractEntry src/css/adjustCSS.js
123 silly gunzTarPerm extractEntry src/css/curCSS.js
124 silly gunzTarPerm extractEntry src/css/defaultDisplay.js
125 silly gunzTarPerm extractEntry src/css/hiddenVisibleSelectors.js
126 silly gunzTarPerm extractEntry src/css/showHide.js
127 silly gunzTarPerm extractEntry src/css/support.js
128 silly gunzTarPerm extractEntry src/css/var/cssExpand.js
129 silly gunzTarPerm extractEntry src/css/var/getStyles.js
130 silly gunzTarPerm extractEntry src/css/var/isHidden.js
131 silly gunzTarPerm extractEntry src/css/var/rmargin.js
132 silly gunzTarPerm extractEntry src/css/var/rnumnonpx.js
133 silly gunzTarPerm extractEntry src/css/var/swap.js
134 silly gunzTarPerm extractEntry src/core/DOMEval.js
135 silly gunzTarPerm extractEntry src/core/access.js
136 silly gunzTarPerm extractEntry src/core/init.js
137 silly gunzTarPerm extractEntry src/core/parseHTML.js
138 silly gunzTarPerm extractEntry src/core/ready.js
139 silly gunzTarPerm extractEntry src/core/support.js
140 silly gunzTarPerm extractEntry src/core/var/rsingleTag.js
141 silly gunzTarPerm extractEntry src/traversing/findFilter.js
142 silly gunzTarPerm extractEntry src/traversing/var/dir.js
143 silly gunzTarPerm extractEntry src/traversing/var/rneedsContext.js
144 silly gunzTarPerm extractEntry src/traversing/var/siblings.js
145 silly gunzTarPerm extractEntry src/attributes/attr.js
146 silly gunzTarPerm extractEntry src/attributes/classes.js
147 silly gunzTarPerm extractEntry src/attributes/prop.js
148 silly gunzTarPerm extractEntry src/attributes/support.js
149 silly gunzTarPerm extractEntry src/attributes/val.js
150 silly gunzTarPerm extractEntry src/var/arr.js
151 silly gunzTarPerm extractEntry src/var/document.js
152 silly gunzTarPerm extractEntry src/var/documentElement.js
153 silly gunzTarPerm extractEntry src/var/hasOwn.js
154 silly gunzTarPerm extractEntry src/var/deletedIds.js
155 silly gunzTarPerm extractEntry src/var/pnum.js
156 silly gunzTarPerm extractEntry src/var/push.js
157 silly gunzTarPerm extractEntry src/var/rcssNum.js
158 silly gunzTarPerm extractEntry src/var/rnotwhite.js
159 silly gunzTarPerm extractEntry src/var/slice.js
160 silly gunzTarPerm extractEntry src/var/concat.js
161 silly gunzTarPerm extractEntry src/var/support.js
162 silly gunzTarPerm extractEntry src/var/class2type.js
163 silly gunzTarPerm extractEntry src/var/toString.js
164 silly gunzTarPerm extractEntry src/var/indexOf.js
165 silly gunzTarPerm extractEntry src/.jshintrc
166 silly lockFile 5f439ac1-g-npm-cache-jquery-2-2-3-package tar://C:\Users\nos\AppData\Roaming\npm-cache\jquery\2.2.3\package
167 silly lockFile 5f439ac1-g-npm-cache-jquery-2-2-3-package tar://C:\Users\nos\AppData\Roaming\npm-cache\jquery\2.2.3\package
168 silly lockFile 758a888a-78500-0-6787055642344058-tmp-tgz tar://C:\Users\nos\AppData\Local\Temp\npm-19072-prdNOWmf\1460971578500-0.6787055642344058\tmp.tgz
169 silly lockFile 758a888a-78500-0-6787055642344058-tmp-tgz tar://C:\Users\nos\AppData\Local\Temp\npm-19072-prdNOWmf\1460971578500-0.6787055642344058\tmp.tgz
170 silly lockFile 6bcb2a5c-pmjs-org-jquery-jquery-2-2-3-tgz https://registry.npmjs.org/jquery/-/jquery-2.2.3.tgz
171 silly lockFile 6bcb2a5c-pmjs-org-jquery-jquery-2-2-3-tgz https://registry.npmjs.org/jquery/-/jquery-2.2.3.tgz
172 silly lockFile cf12fee6-jquery-2-2-3 jquery@2.2.3
173 silly lockFile cf12fee6-jquery-2-2-3 jquery@2.2.3
174 silly lockFile 039e748d-jquery jquery@
175 silly lockFile 039e748d-jquery jquery@
176 silly resolved [ { name: 'jquery',
176 silly resolved     title: 'jQuery',
176 silly resolved     description: 'JavaScript library for DOM operations',
176 silly resolved     version: '2.2.3',
176 silly resolved     main: 'dist/jquery.js',
176 silly resolved     homepage: 'http://jquery.com',
176 silly resolved     author:
176 silly resolved      { name: 'jQuery Foundation and other contributors',
176 silly resolved        url: 'https://github.com/jquery/jquery/blob/2.2.3/AUTHORS.txt' },
176 silly resolved     repository: { type: 'git', url: 'https://github.com/jquery/jquery.git' },
176 silly resolved     keywords: [ 'jquery', 'javascript', 'browser', 'library' ],
176 silly resolved     bugs: { url: 'https://github.com/jquery/jquery/issues' },
176 silly resolved     license: 'MIT',
176 silly resolved     dependencies: {},
176 silly resolved     devDependencies:
176 silly resolved      { commitplease: '2.0.0',
176 silly resolved        'core-js': '0.9.17',
176 silly resolved        grunt: '0.4.5',
176 silly resolved        'grunt-babel': '5.0.1',
176 silly resolved        'grunt-cli': '0.1.13',
176 silly resolved        'grunt-compare-size': '0.4.0',
176 silly resolved        'grunt-contrib-jshint': '0.11.2',
176 silly resolved        'grunt-contrib-uglify': '0.9.2',
176 silly resolved        'grunt-contrib-watch': '0.6.1',
176 silly resolved        'grunt-git-authors': '2.0.1',
176 silly resolved        'grunt-jscs': '2.1.0',
176 silly resolved        'grunt-jsonlint': '1.0.4',
176 silly resolved        'grunt-npmcopy': '0.1.0',
176 silly resolved        'gzip-js': '0.3.2',
176 silly resolved        jsdom: '5.6.1',
176 silly resolved        'load-grunt-tasks': '1.0.0',
176 silly resolved        qunitjs: '1.17.1',
176 silly resolved        'qunit-assert-step': '1.0.3',
176 silly resolved        requirejs: '2.1.17',
176 silly resolved        sinon: '1.10.3',
176 silly resolved        sizzle: '2.2.1',
176 silly resolved        'strip-json-comments': '1.0.3',
176 silly resolved        testswarm: '1.1.0',
176 silly resolved        'win-spawn': '2.0.0' },
176 silly resolved     scripts:
176 silly resolved      { build: 'npm install && grunt',
176 silly resolved        start: 'grunt watch',
176 silly resolved        test: 'grunt && grunt test' },
176 silly resolved     commitplease: { components: [Object] },
176 silly resolved     readme: '# jQuery\n\n> jQuery is a fast, small, and feature-rich JavaScript library.\n\nFor information on how to get started and how to use jQuery, please see [jQuery\'s documentation](http://api.jquery.com/).\nFor source files and issues, please visit the [jQuery repo](https://github.com/jquery/jquery).\n\n## Including jQuery\n\nBelow are some of the most common ways to include jQuery.\n\n### Browser\n\n#### Script tag\n\n```html\n<script src="https://code.jquery.com/jquery-2.2.0.min.js"></script>\n```\n\n#### Babel\n\n[Babel](http://babeljs.io/) is a next generation JavaScript compiler. One of the features is the ability to use ES6/ES2015 modules now, even though browsers do not yet support this feature natively.\n\n```js\nimport $ from "jquery";\n```\n\n#### Browserify/Webpack\n\nThere are several ways to use [Browserify](http://browserify.org/) and [Webpack](https://webpack.github.io/). For more information on using these tools, please refer to the corresponding project\'s documention. In the script, including jQuery will usually look like this...\n\n```js\nvar $ = require("jquery");\n```\n\n#### AMD (Asynchronous Module Definition)\n\nAMD is a module format built for the browser. For more information, we recommend [require.js\' documentation](http://requirejs.org/docs/whyamd.html).\n\n```js\ndefine(["jquery"], function($) {\n\n});\n```\n\n### Node\n\nTo include jQuery in [Node](nodejs.org), first install with npm.\n\n```sh\nnpm install jquery\n```\n\nFor jQuery to work in Node, a window with a document is required. Since no such window exists natively in Node, one can be mocked by tools such as [jsdom](https://github.com/tmpvar/jsdom). This can be useful for testing purposes.\n\n```js\nrequire("jsdom").env("", function(err, window) {\n\tif (err) {\n\t\tconsole.error(err);\n\t\treturn;\n\t}\n\n\tvar $ = require("jquery")(window);\n});\n```\n',
176 silly resolved     readmeFilename: 'README.md',
176 silly resolved     _id: 'jquery@2.2.3',
176 silly resolved     _shasum: '45e07e4190334de36c9e1a64b43b1f1373d91758',
176 silly resolved     _from: 'jquery@',
176 silly resolved     _resolved: 'https://registry.npmjs.org/jquery/-/jquery-2.2.3.tgz' } ]
177 info install jquery@2.2.3 into C:\Program Files (x86)\Microsoft Visual Studio 14.0\Common7\IDE\Extensions\Microsoft\Web Tools\External\node
178 info installOne jquery@2.2.3
179 info C:\Program Files (x86)\Microsoft Visual Studio 14.0\Common7\IDE\Extensions\Microsoft\Web Tools\External\node\node_modules\jquery unbuild
180 verbose tar unpack C:\Users\nos\AppData\Roaming\npm-cache\jquery\2.2.3\package.tgz
181 silly lockFile a8a600ca-xternal-node-node-modules-jquery tar://C:\Program Files (x86)\Microsoft Visual Studio 14.0\Common7\IDE\Extensions\Microsoft\Web Tools\External\node\node_modules\jquery
182 verbose lock tar://C:\Program Files (x86)\Microsoft Visual Studio 14.0\Common7\IDE\Extensions\Microsoft\Web Tools\External\node\node_modules\jquery C:\Users\nos\AppData\Roaming\npm-cache\a8a600ca-xternal-node-node-modules-jquery.lock
183 silly lockFile 5f5682dd-m-cache-jquery-2-2-3-package-tgz tar://C:\Users\nos\AppData\Roaming\npm-cache\jquery\2.2.3\package.tgz
184 verbose lock tar://C:\Users\nos\AppData\Roaming\npm-cache\jquery\2.2.3\package.tgz C:\Users\nos\AppData\Roaming\npm-cache\5f5682dd-m-cache-jquery-2-2-3-package-tgz.lock
185 silly gunzTarPerm modes [ '755', '644' ]
186 error Error: EPERM, mkdir 'C:\Program Files (x86)\Microsoft Visual Studio 14.0\Common7\IDE\Extensions\Microsoft\Web Tools\External\node\node_modules'
186 error  { [Error: EPERM, mkdir 'C:\Program Files (x86)\Microsoft Visual Studio 14.0\Common7\IDE\Extensions\Microsoft\Web Tools\External\node\node_modules']
186 error   errno: 50,
186 error   code: 'EPERM',
186 error   path: 'C:\\Program Files (x86)\\Microsoft Visual Studio 14.0\\Common7\\IDE\\Extensions\\Microsoft\\Web Tools\\External\\node\\node_modules',
186 error   fstream_type: 'Directory',
186 error   fstream_path: 'C:\\Program Files (x86)\\Microsoft Visual Studio 14.0\\Common7\\IDE\\Extensions\\Microsoft\\Web Tools\\External\\node\\node_modules\\jquery',
186 error   fstream_class: 'DirWriter',
186 error   fstream_stack:
186 error    [ 'C:\\Program Files (x86)\\Microsoft Visual Studio 14.0\\Common7\\IDE\\Extensions\\Microsoft\\Web Tools\\External\\npm\\node_modules\\fstream\\lib\\writer.js:171:23',
186 error      'C:\\Program Files (x86)\\Microsoft Visual Studio 14.0\\Common7\\IDE\\Extensions\\Microsoft\\Web Tools\\External\\npm\\node_modules\\mkdirp\\index.js:37:53',
186 error      'Object.oncomplete (fs.js:107:15)' ] }
187 error Please try running this command again as root/Administrator.
188 error System Windows_NT 6.1.7601
189 error command "C:\\Program Files (x86)\\Microsoft Visual Studio 14.0\\Common7\\IDE\\Extensions\\Microsoft\\Web Tools\\External\\\\node\\node" "C:\\Program Files (x86)\\Microsoft Visual Studio 14.0\\Common7\\IDE\\Extensions\\Microsoft\\Web Tools\\External\\npm\\node_modules\\npm\\bin\\npm-cli.js" "install" "-g" "jquery"
190 error cwd C:\Users\nos\Apps\Travel\src\Travel
191 error node -v v0.10.31
192 error npm -v 1.4.9
193 error path C:\Program Files (x86)\Microsoft Visual Studio 14.0\Common7\IDE\Extensions\Microsoft\Web Tools\External\node\node_modules
194 error fstream_path C:\Program Files (x86)\Microsoft Visual Studio 14.0\Common7\IDE\Extensions\Microsoft\Web Tools\External\node\node_modules\jquery
195 error fstream_type Directory
196 error fstream_class DirWriter
197 error code EPERM
198 error errno 50
199 error stack Error: EPERM, mkdir 'C:\Program Files (x86)\Microsoft Visual Studio 14.0\Common7\IDE\Extensions\Microsoft\Web Tools\External\node\node_modules'
200 error fstream_stack C:\Program Files (x86)\Microsoft Visual Studio 14.0\Common7\IDE\Extensions\Microsoft\Web Tools\External\npm\node_modules\fstream\lib\writer.js:171:23
200 error fstream_stack C:\Program Files (x86)\Microsoft Visual Studio 14.0\Common7\IDE\Extensions\Microsoft\Web Tools\External\npm\node_modules\mkdirp\index.js:37:53
200 error fstream_stack Object.oncomplete (fs.js:107:15)
201 verbose exit [ 50, true ]
